<?xml version="1.0" encoding="UTF-8"?>
<!-- Generated by org.testng.reporters.JUnitXMLReporter -->
<testsuite ignored="1" hostname="DESKTOP-LAPF9E7" failures="0" tests="1" name="Test" time="48.499" errors="0" timestamp="2023-08-30T15:12:56 IST">
  <testcase classname="vtiger.OrganizationTests.CreateOrgWithIndustryTest" name="createOrgWithIndustryTest" time="22.659"/>
  <testcase classname="vtiger.OrganizationTests.CreateOrgWithIndustryTest" name="demo" time="0.0">
    <ignored/>
  </testcase> <!-- demo -->
</testsuite> <!-- Test -->
