<?xml version="1.0" encoding="UTF-8"?>
<testng-results ignored="2" total="6" passed="4" failed="0" skipped="0">
  <reporter-output>
    <line>
      <![CDATA[Clicked on Organizations Link]]>
    </line>
    <line>
      <![CDATA[Clicked on Organizations Lookup Image]]>
    </line>
    <line>
      <![CDATA[Organizations Created]]>
    </line>
    <line>
      <![CDATA[Clicked on Contacts Link]]>
    </line>
    <line>
      <![CDATA[Clicked on Contacts Lookup Image]]>
    </line>
    <line>
      <![CDATA[Contact created]]>
    </line>
  </reporter-output>
  <suite started-at="2023-09-15T16:04:04 IST" name="Suite" finished-at="2023-09-15T16:06:26 IST" duration-ms="141716">
    <groups>
      <group name="RegressionSuite">
        <method signature="CreateOrgWithIndustryTest.createOrgWithIndustryTest()[pri:0, instance:vtiger.OrganizationTests.CreateOrgWithIndustryTest@223191a6]" name="createOrgWithIndustryTest" class="vtiger.OrganizationTests.CreateOrgWithIndustryTest"/>
      </group> <!-- RegressionSuite -->
      <group name="SmokeSuite">
        <method signature="CreateContactWithOrganizationTest.createContactWithOrganizationTest()[pri:0, instance:vtiger.ContactTests.CreateContactWithOrganizationTest@72967906]" name="createContactWithOrganizationTest" class="vtiger.ContactTests.CreateContactWithOrganizationTest"/>
      </group> <!-- SmokeSuite -->
    </groups>
    <test started-at="2023-09-15T16:04:04 IST" name="Test" finished-at="2023-09-15T16:06:26 IST" duration-ms="141716">
      <class name="vtiger.OrganizationTests.CreateOrgWithIndustryTest">
        <test-method is-config="true" signature="bsConfig()[pri:0, instance:vtiger.OrganizationTests.CreateOrgWithIndustryTest@223191a6]" started-at="2023-09-15T16:04:04 IST" name="bsConfig" finished-at="2023-09-15T16:04:04 IST" duration-ms="11" status="PASS">
          <reporter-output>
          </reporter-output>
        </test-method> <!-- bsConfig -->
        <test-method is-config="true" signature="bcConfig()[pri:0, instance:vtiger.OrganizationTests.CreateOrgWithIndustryTest@223191a6]" started-at="2023-09-15T16:04:05 IST" name="bcConfig" finished-at="2023-09-15T16:04:22 IST" duration-ms="17423" status="PASS">
          <reporter-output>
          </reporter-output>
        </test-method> <!-- bcConfig -->
        <test-method is-config="true" signature="bmConfig()[pri:0, instance:vtiger.OrganizationTests.CreateOrgWithIndustryTest@223191a6]" started-at="2023-09-15T16:04:22 IST" name="bmConfig" finished-at="2023-09-15T16:04:26 IST" duration-ms="4331" status="PASS">
          <reporter-output>
          </reporter-output>
        </test-method> <!-- bmConfig -->
        <test-method signature="createOrgWithIndustryTest()[pri:0, instance:vtiger.OrganizationTests.CreateOrgWithIndustryTest@223191a6]" started-at="2023-09-15T16:04:26 IST" name="createOrgWithIndustryTest" finished-at="2023-09-15T16:05:03 IST" duration-ms="36155" status="PASS">
          <reporter-output>
          </reporter-output>
        </test-method> <!-- createOrgWithIndustryTest -->
        <test-method is-config="true" signature="amConfig()[pri:0, instance:vtiger.OrganizationTests.CreateOrgWithIndustryTest@223191a6]" started-at="2023-09-15T16:05:03 IST" name="amConfig" finished-at="2023-09-15T16:05:11 IST" duration-ms="8469" status="PASS">
          <reporter-output>
          </reporter-output>
        </test-method> <!-- amConfig -->
        <test-method is-config="true" signature="bmConfig()[pri:0, instance:vtiger.OrganizationTests.CreateOrgWithIndustryTest@223191a6]" started-at="2023-09-15T16:05:11 IST" name="bmConfig" finished-at="2023-09-15T16:05:16 IST" duration-ms="4894" status="PASS">
          <reporter-output>
          </reporter-output>
        </test-method> <!-- bmConfig -->
        <test-method signature="demo()[pri:0, instance:vtiger.OrganizationTests.CreateOrgWithIndustryTest@223191a6]" started-at="2023-09-15T16:05:16 IST" name="demo" finished-at="2023-09-15T16:05:16 IST" duration-ms="3" status="PASS">
          <reporter-output>
          </reporter-output>
        </test-method> <!-- demo -->
        <test-method is-config="true" signature="amConfig()[pri:0, instance:vtiger.OrganizationTests.CreateOrgWithIndustryTest@223191a6]" started-at="2023-09-15T16:05:16 IST" name="amConfig" finished-at="2023-09-15T16:05:24 IST" duration-ms="7995" status="PASS">
          <reporter-output>
          </reporter-output>
        </test-method> <!-- amConfig -->
        <test-method is-config="true" signature="acConfig()[pri:0, instance:vtiger.OrganizationTests.CreateOrgWithIndustryTest@223191a6]" started-at="2023-09-15T16:05:24 IST" name="acConfig" finished-at="2023-09-15T16:05:24 IST" duration-ms="386" status="PASS">
          <reporter-output>
          </reporter-output>
        </test-method> <!-- acConfig -->
        <test-method is-config="true" signature="asConfig()[pri:0, instance:vtiger.OrganizationTests.CreateOrgWithIndustryTest@223191a6]" started-at="2023-09-15T16:06:26 IST" name="asConfig" finished-at="2023-09-15T16:06:26 IST" duration-ms="1" status="PASS">
          <reporter-output>
          </reporter-output>
        </test-method> <!-- asConfig -->
      </class> <!-- vtiger.OrganizationTests.CreateOrgWithIndustryTest -->
      <class name="vtiger.ContactTests.CreateContactWithOrganizationTest">
        <test-method is-config="true" signature="bcConfig()[pri:0, instance:vtiger.ContactTests.CreateContactWithOrganizationTest@72967906]" started-at="2023-09-15T16:05:24 IST" name="bcConfig" finished-at="2023-09-15T16:05:28 IST" duration-ms="3310" status="PASS">
          <reporter-output>
          </reporter-output>
        </test-method> <!-- bcConfig -->
        <test-method is-config="true" signature="bmConfig()[pri:0, instance:vtiger.ContactTests.CreateContactWithOrganizationTest@72967906]" started-at="2023-09-15T16:05:28 IST" name="bmConfig" finished-at="2023-09-15T16:05:32 IST" duration-ms="4171" status="PASS">
          <reporter-output>
          </reporter-output>
        </test-method> <!-- bmConfig -->
        <test-method signature="createContactWithOrganizationTest()[pri:0, instance:vtiger.ContactTests.CreateContactWithOrganizationTest@72967906]" started-at="2023-09-15T16:05:32 IST" name="createContactWithOrganizationTest" finished-at="2023-09-15T16:06:04 IST" duration-ms="32549" status="PASS">
          <reporter-output>
            <line>
              <![CDATA[Clicked on Organizations Link]]>
            </line>
            <line>
              <![CDATA[Clicked on Organizations Lookup Image]]>
            </line>
            <line>
              <![CDATA[Organizations Created]]>
            </line>
            <line>
              <![CDATA[Clicked on Contacts Link]]>
            </line>
            <line>
              <![CDATA[Clicked on Contacts Lookup Image]]>
            </line>
            <line>
              <![CDATA[Contact created]]>
            </line>
          </reporter-output>
        </test-method> <!-- createContactWithOrganizationTest -->
        <test-method is-config="true" signature="amConfig()[pri:0, instance:vtiger.ContactTests.CreateContactWithOrganizationTest@72967906]" started-at="2023-09-15T16:06:04 IST" name="amConfig" finished-at="2023-09-15T16:06:13 IST" duration-ms="8521" status="PASS">
          <reporter-output>
          </reporter-output>
        </test-method> <!-- amConfig -->
        <test-method is-config="true" signature="bmConfig()[pri:0, instance:vtiger.ContactTests.CreateContactWithOrganizationTest@72967906]" started-at="2023-09-15T16:06:13 IST" name="bmConfig" finished-at="2023-09-15T16:06:17 IST" duration-ms="4411" status="PASS">
          <reporter-output>
          </reporter-output>
        </test-method> <!-- bmConfig -->
        <test-method signature="demo()[pri:0, instance:vtiger.ContactTests.CreateContactWithOrganizationTest@72967906]" started-at="2023-09-15T16:06:17 IST" name="demo" finished-at="2023-09-15T16:06:17 IST" duration-ms="2" status="PASS">
          <reporter-output>
          </reporter-output>
        </test-method> <!-- demo -->
        <test-method is-config="true" signature="amConfig()[pri:0, instance:vtiger.ContactTests.CreateContactWithOrganizationTest@72967906]" started-at="2023-09-15T16:06:17 IST" name="amConfig" finished-at="2023-09-15T16:06:26 IST" duration-ms="8370" status="PASS">
          <reporter-output>
          </reporter-output>
        </test-method> <!-- amConfig -->
        <test-method is-config="true" signature="acConfig()[pri:0, instance:vtiger.ContactTests.CreateContactWithOrganizationTest@72967906]" started-at="2023-09-15T16:06:26 IST" name="acConfig" finished-at="2023-09-15T16:06:26 IST" duration-ms="256" status="PASS">
          <reporter-output>
          </reporter-output>
        </test-method> <!-- acConfig -->
      </class> <!-- vtiger.ContactTests.CreateContactWithOrganizationTest -->
    </test> <!-- Test -->
  </suite> <!-- Suite -->
</testng-results>
